<?xml version="1.0" encoding="UTF-8"?>
<Site BuildName="Darwin-clang++"
	BuildStamp="20241112-1032-Experimental"
	Name="h118.aau1x.klient.slv.site.aau.dk"
	Generator="ctest-3.30.5"
	CompilerName="/usr/bin/clang++"
	CompilerVersion=""
	OSName="macOS"
	Hostname="h118.aau1x.klient.slv.site.aau.dk"
	OSRelease="14.6"
	OSVersion="23G80"
	OSPlatform="arm64"
	Is64Bits="1"
	VendorString="Apple"
	VendorID="Apple"
	FamilyID="0"
	ModelID="0"
	ProcessorCacheSize="131072"
	NumberOfLogicalCPU="8"
	NumberOfPhysicalCPU="8"
	TotalVirtualMemory="5120"
	TotalPhysicalMemory="8192"
	LogicalProcessorsPerPhysical="8"
	ProcessorClockFrequency="0"
	>
	<Testing>
		<StartDateTime>Nov 12 11:32 CET</StartDateTime>
		<StartTestTime>1731407561</StartTestTime>
		<TestList/>
		<EndDateTime>Nov 12 11:32 CET</EndDateTime>
		<EndTestTime>1731407561</EndTestTime>
		<ElapsedMinutes>0</ElapsedMinutes>
	</Testing>
</Site>
